<?xml version="1.0" encoding="UTF-8"?>
<!-- Generated by org.testng.reporters.JUnitReportReporter -->
<testsuite hostname="SE_MEL_DEV06" failures="0" tests="4" name="com.expedia.flightsbooking.TestNG_Grouping" time="0.003" errors="0" timestamp="2021-09-18T18:20:09 AEST" skipped="0">
  <testcase classname="com.expedia.flightsbooking.TestNG_Grouping" name="BMWX3" time="0.001"/>
  <system-out/>
  <testcase classname="com.expedia.flightsbooking.TestNG_Grouping" name="HondaAccord" time="0.000"/>
  <system-out/>
  <testcase classname="com.expedia.flightsbooking.TestNG_Grouping" name="AudiA6" time="0.001"/>
  <system-out/>
  <testcase classname="com.expedia.flightsbooking.TestNG_Grouping" name="BMW3Series" time="0.001"/>
  <system-out/>
</testsuite> <!-- com.expedia.flightsbooking.TestNG_Grouping -->
